<?xml version="1.0" encoding="UTF-8"?>
<beans xmlns="http://www.springframework.org/schema/beans"
  xmlns:xsi="http://www.w3.org/2001/XMLSchema-instance" 
  xmlns:oxm="http://www.springframework.org/schema/oxm"
  xmlns:sws="http://www.springframework.org/schema/web-services"
  xmlns:p="http://www.springframework.org/schema/p" 
  xmlns:context="http://www.springframework.org/schema/context"
  xsi:schemaLocation="http://www.springframework.org/schema/beans  
	   http://www.springframework.org/schema/beans/spring-beans-2.5.xsd 
       http://www.springframework.org/schema/oxm  
       http://www.springframework.org/schema/oxm/spring-oxm-1.5.xsd 
       http://www.springframework.org/schema/web-services 
       http://www.springframework.org/schema/web-services/web-services-1.5.xsd 
       http://www.springframework.org/schema/context  
	   http://www.springframework.org/schema/context/spring-context-2.5.xsd">

  <bean id="testService" class="org.springframework.ws.wsdl.wsdl11.DefaultWsdl11Definition">
    <description>
      Exports a WSDL service description.
    </description>
    <property name="schemaCollection">
      <ref local="testSchema" />
    </property>
    <property name="portTypeName" value="ServiceName" />
    <property name="locationUri" value="/services/" />
  </bean>

  <bean id="testSchema" class="org.springframework.xml.xsd.commons.CommonsXsdSchemaCollection">
    <property name="xsds">
      <list>
        <value>classpath:xsd/testservice.xsd</value>
      </list>
    </property>
    <property name="inline" value="true" />
  </bean>

</beans>