<?xml version="1.0" encoding="UTF-8"?>
<test>
	<description attr="attribute data">element data</description>
</test>
