<?xml version="1.0" encoding="UTF-8"?>
<project xmlns="http://maven.apache.org/POM/4.0.0"
	xmlns:xsi="http://www.w3.org/2001/XMLSchema-instance"
	xsi:schemaLocation="http://maven.apache.org/POM/4.0.0 http://maven.apache.org/maven-v4_0_0.xsd">
	<description>pom for testing xmlns data model loader</description>
	<build>
		<plugins>
			<plugin>
				<groupId>org.codehaus.mojo</groupId>
				<artifactId>freemarker-maven-plugin</artifactId>
				<configuration>
					<templateDirectories>
						<templateDirectory>
							target/test-classes/org/codehaus/mojo/freemarker
						</templateDirectory>
					</templateDirectories>

					<inputs>
						<!-- XML loader -->
						<input>
							<inputFile>
								target/test-classes/org/codehaus/mojo/freemarker/test-xmlns-pom.xml
							</inputFile>
							<loaderType>xml</loaderType>
							<contextVariable>xml</contextVariable>
						</input>
					</inputs>
					<output>
						<outputFile>target/test/test-xmlns.out</outputFile>
						<templateFile>
							test-xmlns.ftl
						</templateFile>
					</output>
				</configuration>
			</plugin>
		</plugins>
	</build>
</project>
