<?xml version="1.0" encoding="UTF-8" ?>
<testsuite errors="0" tests="1" time="0.03" failures="0" name="org.codehaus.mojo.AppTest">
  <properties>
    <property value="Java(TM) 2 Runtime Environment, Standard Edition" name="java.runtime.name"/>
    <property value="C:\J2SDK_1.5\jre\bin" name="sun.boot.library.path"/>
    <property value="1.5.0_04-b05" name="java.vm.version"/>
    <property value="Sun Microsystems Inc." name="java.vm.vendor"/>
    <property value="http://java.sun.com/" name="java.vendor.url"/>
    <property value=";" name="path.separator"/>
    <property value="Java HotSpot(TM) Client VM" name="java.vm.name"/>
    <property value="sun.io" name="file.encoding.pkg"/>
    <property value="US" name="user.country"/>
    <property value="Service Pack 2" name="sun.os.patch.level"/>
    <property value="Java Virtual Machine Specification" name="java.vm.specification.name"/>
    <property value="C:\Mergere\Mojo.CodeHaus\castor-maven-plugin\src\test\projects\castor-1" name="user.dir"/>
    <property value="1.5.0_04-b05" name="java.runtime.version"/>
    <property value="sun.awt.Win32GraphicsEnvironment" name="java.awt.graphicsenv"/>
    <property value="C:\Mergere\Mojo.CodeHaus\castor-maven-plugin\src\test\projects\castor-1" name="basedir"/>
    <property value="C:\J2SDK_1.5\jre\lib\endorsed" name="java.endorsed.dirs"/>
    <property value="x86" name="os.arch"/>
    <property value="C:\DOCUME~1\Exist\LOCALS~1\Temp\" name="java.io.tmpdir"/>
    <property value="
" name="line.separator"/>
    <property value="Sun Microsystems Inc." name="java.vm.specification.vendor"/>
    <property value="" name="user.variant"/>
    <property value="Windows XP" name="os.name"/>
    <property value="C:\MAVEN\maven-2.0.1\bin\m2.conf" name="classworlds.conf"/>
    <property value="Cp1252" name="sun.jnu.encoding"/>
    <property value="C:\J2SDK_1.5\bin;.;C:\WINDOWS\system32;C:\WINDOWS;C:\WINDOWS\system32;C:\WINDOWS;C:\WINDOWS\System32\Wbem;C:\Program Files\ATI Technologies\ATI Control Panel;C:\MAVEN\maven-2.0.1\bin;E:\allan\JDEPEND\jdepend-2.9.1;C:\MAVEN\maven-1.0.2\bin;C:\J2SDK_1.5\bin;C:\ANT\apache-ant-1.6.2\bin;C:\Program Files\Subversion\bin" name="java.library.path"/>
    <property value="Java Platform API Specification" name="java.specification.name"/>
    <property value="49.0" name="java.class.version"/>
    <property value="HotSpot Client Compiler" name="sun.management.compiler"/>
    <property value="5.1" name="os.version"/>
    <property value="C:\Documents and Settings\Exist" name="user.home"/>
    <property value="Asia/Shanghai" name="user.timezone"/>
    <property value="sun.awt.windows.WPrinterJob" name="java.awt.printerjob"/>
    <property value="Cp1252" name="file.encoding"/>
    <property value="1.5" name="java.specification.version"/>
    <property value="Exist" name="user.name"/>
    <property value="C:\MAVEN\maven-2.0.1\core\boot\classworlds-1.1-alpha-2.jar" name="java.class.path"/>
    <property value="1.0" name="java.vm.specification.version"/>
    <property value="32" name="sun.arch.data.model"/>
    <property value="C:\J2SDK_1.5\jre" name="java.home"/>
    <property value="Sun Microsystems Inc." name="java.specification.vendor"/>
    <property value="en" name="user.language"/>
    <property value="sun.awt.windows.WToolkit" name="awt.toolkit"/>
    <property value="mixed mode, sharing" name="java.vm.info"/>
    <property value="1.5.0_04" name="java.version"/>
    <property value="C:\J2SDK_1.5\jre\lib\ext" name="java.ext.dirs"/>
    <property value="C:\J2SDK_1.5\jre\lib\rt.jar;C:\J2SDK_1.5\jre\lib\i18n.jar;C:\J2SDK_1.5\jre\lib\sunrsasign.jar;C:\J2SDK_1.5\jre\lib\jsse.jar;C:\J2SDK_1.5\jre\lib\jce.jar;C:\J2SDK_1.5\jre\lib\charsets.jar;C:\J2SDK_1.5\jre\classes" name="sun.boot.class.path"/>
    <property value="Sun Microsystems Inc." name="java.vendor"/>
    <property value="C:\MAVEN\maven-2.0.1" name="maven.home"/>
    <property value="C:\Documents and Settings\Exist\.m2\repository" name="localRepository"/>
    <property value="\" name="file.separator"/>
    <property value="http://java.sun.com/cgi-bin/bugreport.cgi" name="java.vendor.url.bug"/>
    <property value="little" name="sun.cpu.endian"/>
    <property value="UnicodeLittle" name="sun.io.unicode.encoding"/>
    <property value="windows" name="sun.desktop"/>
    <property value="pentium_pro+mmx pentium_pro pentium+mmx pentium i486 i386 i86" name="sun.cpu.isalist"/>
  </properties>
  <testcase time="0.00" name="testApp"/>
</testsuite>